[ERROR](2023-03-01 18:04:28) /Users/egorkozelskij/GolandProjects/iredy/api_gateway/app/logs.go:74 error while verifying access /test/private: method does not exist
[ERROR](2023-03-01 18:05:31) /Users/egorkozelskij/GolandProjects/iredy/api_gateway/app/logs.go:74 error while verifying access /test/private: proto: (line 1:2): unknown field "d"
[ERROR](2023-03-01 18:09:00) /Users/egorkozelskij/GolandProjects/iredy/api_gateway/app/logs.go:74 error while verifying access /test/private: proto: (line 1:17): invalid value for string type: [
[ERROR](2023-03-01 18:27:18) /Users/egorkozelskij/GolandProjects/iredy/api_gateway/app/logs.go:74 error while verifying access /test/private: json: cannot unmarshal string into Go struct field VerifyUser.User.id of type int64
[ERROR](2023-03-01 18:29:01) /Users/egorkozelskij/GolandProjects/iredy/api_gateway/app/logs.go:74 error while verifying access /test/private: json: cannot unmarshal string into Go struct field VerifyUser.User.id of type int64
[ERROR](2023-03-01 18:33:31) /Users/egorkozelskij/GolandProjects/iredy/api_gateway/app/logs.go:74 error while redirect from /test/private: proto: (line 2:5): unknown field "access_token"
[ERROR](2023-03-01 18:33:34) /Users/egorkozelskij/GolandProjects/iredy/api_gateway/app/logs.go:74 error while redirect from /test/private: proto: (line 2:5): unknown field "access_token"
[ERROR](2023-03-02 07:03:59) /Users/egorkozelskij/GolandProjects/iredy/api_gateway/app/logs.go:74 error while redirect from /test/private: rpc error: code = Internal desc = cannot extract user_id from context: user_id was not found into context
[ERROR](2023-03-02 16:10:04) /Users/egorkozelskij/GolandProjects/iredy/api_gateway/app/logs.go:74 error while redirect from /projects/create: rpc error: code = Unavailable desc = connection error: desc = "transport: Error while dialing: dial tcp [::1]:8071: connect: connection refused"
[ERROR](2023-03-02 16:14:48) /Users/egorkozelskij/GolandProjects/iredy/api_gateway/app/logs.go:74 error while redirect from /projects/create: rpc error: code = Internal desc = cannot create project: cannot insert project: pq: syntax error at or near "desc"
[ERROR](2023-03-02 16:15:48) /Users/egorkozelskij/GolandProjects/iredy/api_gateway/app/logs.go:74 error while redirect from /projects/create: rpc error: code = Internal desc = cannot create project: cannot insert project: pq: insert or update on table "projects" violates foreign key constraint "fk_user_id"
[ERROR](2023-03-03 19:53:34) /Users/egorkozelskij/GolandProjects/iredy/api_gateway/app/logs.go:74 error while redirect from /auth/list: method does not exist
[ERROR](2023-03-03 19:53:53) /Users/egorkozelskij/GolandProjects/iredy/api_gateway/app/logs.go:74 error while redirect from /auth/list: method does not exist
[ERROR](2023-03-03 19:54:45) /Users/egorkozelskij/GolandProjects/iredy/api_gateway/app/logs.go:74 error while redirect from /auth/list: proto: (line 2:5): unknown field "access_token"
[ERROR](2023-03-03 19:55:18) /Users/egorkozelskij/GolandProjects/iredy/api_gateway/app/logs.go:74 error while redirect from /auth/list: rpc error: code = Internal desc = Error while fetching users from database: sql: expected 4 destination arguments in Scan, not 5
[ERROR](2023-03-03 20:30:49) /Users/egorkozelskij/GolandProjects/iredy/api_gateway/app/logs.go:74 error while redirect from /auth/list: proto: syntax error (line 1:1): unexpected token 
[ERROR](2023-03-03 20:33:24) /Users/egorkozelskij/GolandProjects/iredy/api_gateway/app/logs.go:74 error while redirect from /auth/list: proto: syntax error (line 1:1): unexpected token 
[ERROR](2023-03-03 20:35:45) /Users/egorkozelskij/GolandProjects/iredy/api_gateway/app/logs.go:74 error while redirect from /auth/list: cannot unmarshal json to proto descriptor: proto: syntax error (line 1:1): unexpected token 
[ERROR](2023-03-04 08:52:46) /Users/egorkozelskij/GolandProjects/iredy/api_gateway/app/logs.go:74 error while redirect from /profiles: cannot unmarshal json to proto descriptor: proto: (line 2:5): unknown field "username"
[ERROR](2023-03-04 08:55:22) /Users/egorkozelskij/GolandProjects/iredy/api_gateway/app/logs.go:74 error while redirect from /profiles: error while invoke proto method: rpc error: code = Internal desc = sql: expected 3 destination arguments in Scan, not 5
[ERROR](2023-03-04 09:02:11) /Users/egorkozelskij/GolandProjects/iredy/api_gateway/app/logs.go:74 error while redirect from /profiles: error while invoke proto method: rpc error: code = Internal desc = pq: column "id" does not exist
[ERROR](2023-03-04 09:23:43) /Users/egorkozelskij/GolandProjects/iredy/api_gateway/app/logs.go:74 error while redirect from /profile: cannot unmarshal json to proto descriptor: proto: syntax error (line 1:1): unexpected token 
[ERROR](2023-03-04 09:24:01) /Users/egorkozelskij/GolandProjects/iredy/api_gateway/app/logs.go:74 error while redirect from /profile: error while invoke proto method: rpc error: code = Unavailable desc = error reading from server: EOF
[ERROR](2023-03-04 09:24:08) /Users/egorkozelskij/GolandProjects/iredy/api_gateway/app/logs.go:74 error while redirect from /profile: error while invoke proto method: rpc error: code = Unavailable desc = connection error: desc = "transport: Error while dialing: dial tcp [::1]:8072: connect: connection refused"
[ERROR](2023-03-04 09:32:06) /Users/egorkozelskij/GolandProjects/iredy/api_gateway/app/logs.go:74 error while redirect from /profile: error while invoke proto method: rpc error: code = Unavailable desc = error reading from server: EOF
[ERROR](2023-03-04 09:33:00) /Users/egorkozelskij/GolandProjects/iredy/api_gateway/app/logs.go:74 error while redirect from /profile: error while invoke proto method: rpc error: code = Unavailable desc = error reading from server: EOF
